[    0.000000] Linux version 4.15.0-91-generic (buildd@lgw01-amd64-013) (gcc version 7.4.0 (Ubuntu 7.4.0-1ubuntu1~18.04.1)) #92-Ubuntu SMP Fri Feb 28 11:09:48 UTC 2020 (Ubuntu 4.15.0-91.92-generic 4.15.18)
[    0.000000] Command line: BOOT_IMAGE=/boot/vmlinuz-4.15.0-91-generic root=UUID=6969795d-2298-4346-a932-b89115857723 ro console=tty1 console=ttyS0
[    0.000000] KERNEL supported cpus:
[    0.000000]   Intel GenuineIntel
[    0.000000]   AMD AuthenticAMD
[    0.000000]   Centaur CentaurHauls
[    0.000000] x86/fpu: Supporting XSAVE feature 0x001: 'x87 floating point registers'
[    0.000000] x86/fpu: Supporting XSAVE feature 0x002: 'SSE registers'
[    0.000000] x86/fpu: Supporting XSAVE feature 0x004: 'AVX registers'
[    0.000000] x86/fpu: xstate_offset[2]:  576, xstate_sizes[2]:  256
[    0.000000] x86/fpu: Enabled xstate features 0x7, context size is 832 bytes, using 'standard' format.
[    0.000000] e820: BIOS-provided physical RAM map:
[    0.000000] BIOS-e820: [mem 0x0000000000000000-0x000000000009fbff] usable
[    0.000000] BIOS-e820: [mem 0x000000000009fc00-0x000000000009ffff] reserved
[    0.000000] BIOS-e820: [mem 0x00000000000f0000-0x00000000000fffff] reserved
[    0.000000] BIOS-e820: [mem 0x0000000000100000-0x000000003ffeffff] usable
[    0.000000] BIOS-e820: [mem 0x000000003fff0000-0x000000003fffffff] ACPI data
[    0.000000] BIOS-e820: [mem 0x00000000fec00000-0x00000000fec00fff] reserved
[    0.000000] BIOS-e820: [mem 0x00000000fee00000-0x00000000fee00fff] reserved
[    0.000000] BIOS-e820: [mem 0x00000000fffc0000-0x00000000ffffffff] reserved
[    0.000000] NX (Execute Disable) protection: active
[    0.000000] SMBIOS 2.5 present.
[    0.000000] DMI: innotek GmbH VirtualBox/VirtualBox, BIOS VirtualBox 12/01/2006
[    0.000000] Hypervisor detected: KVM
[    0.000000] e820: last_pfn = 0x3fff0 max_arch_pfn = 0x400000000
[    0.000000] MTRR: Disabled
[    0.000000] x86/PAT: MTRRs disabled, skipping PAT initialization too.
[    0.000000] CPU MTRRs all blank - virtualized system.
[    0.000000] x86/PAT: Configuration [0-7]: WB  WT  UC- UC  WB  WT  UC- UC  
[    0.000000] found SMP MP-table at [mem 0x0009fff0-0x0009ffff]
[    0.000000] Scanning 1 areas for low memory corruption
[    0.000000] RAMDISK: [mem 0x3595f000-0x36ca6fff]
[    0.000000] ACPI: Early table checksum verification disabled
[    0.000000] ACPI: RSDP 0x00000000000E0000 000024 (v02 VBOX  )
[    0.000000] ACPI: XSDT 0x000000003FFF0030 00003C (v01 VBOX   VBOXXSDT 00000001 ASL  00000061)
[    0.000000] ACPI: FACP 0x000000003FFF00F0 0000F4 (v04 VBOX   VBOXFACP 00000001 ASL  00000061)
[    0.000000] ACPI: DSDT 0x000000003FFF0470 0022EA (v02 VBOX   VBOXBIOS 00000002 INTL 20100528)
[    0.000000] ACPI: FACS 0x000000003FFF0200 000040
[    0.000000] ACPI: FACS 0x000000003FFF0200 000040
[    0.000000] ACPI: APIC 0x000000003FFF0240 00005C (v02 VBOX   VBOXAPIC 00000001 ASL  00000061)
[    0.000000] ACPI: SSDT 0x000000003FFF02A0 0001CC (v01 VBOX   VBOXCPUT 00000002 INTL 20100528)
[    0.000000] No NUMA configuration found
[    0.000000] Faking a node at [mem 0x0000000000000000-0x000000003ffeffff]
[    0.000000] NODE_DATA(0) allocated [mem 0x3ffc5000-0x3ffeffff]
[    0.000000] kvm-clock: cpu 0, msr 0:3ff44001, primary cpu clock
[    0.000000] kvm-clock: Using msrs 4b564d01 and 4b564d00
[    0.000000] kvm-clock: using sched offset of 3681196766 cycles
[    0.000000] clocksource: kvm-clock: mask: 0xffffffffffffffff max_cycles: 0x1cd42e4dffb, max_idle_ns: 881590591483 ns
[    0.000000] Zone ranges:
[    0.000000]   DMA      [mem 0x0000000000001000-0x0000000000ffffff]
[    0.000000]   DMA32    [mem 0x0000000001000000-0x000000003ffeffff]
[    0.000000]   Normal   empty
[    0.000000]   Device   empty
[    0.000000] Movable zone start for each node
[    0.000000] Early memory node ranges
[    0.000000]   node   0: [mem 0x0000000000001000-0x000000000009efff]
[    0.000000]   node   0: [mem 0x0000000000100000-0x000000003ffeffff]
[    0.000000] Reserved but unavailable: 98 pages
[    0.000000] Initmem setup node 0 [mem 0x0000000000001000-0x000000003ffeffff]
[    0.000000] ACPI: PM-Timer IO Port: 0x4008
[    0.000000] IOAPIC[0]: apic_id 2, version 32, address 0xfec00000, GSI 0-23
[    0.000000] ACPI: INT_SRC_OVR (bus 0 bus_irq 0 global_irq 2 dfl dfl)
[    0.000000] ACPI: INT_SRC_OVR (bus 0 bus_irq 9 global_irq 9 low level)
[    0.000000] Using ACPI (MADT) for SMP configuration information
[    0.000000] smpboot: Allowing 2 CPUs, 0 hotplug CPUs
[    0.000000] PM: Registered nosave memory: [mem 0x00000000-0x00000fff]
[    0.000000] PM: Registered nosave memory: [mem 0x0009f000-0x0009ffff]
[    0.000000] PM: Registered nosave memory: [mem 0x000a0000-0x000effff]
[    0.000000] PM: Registered nosave memory: [mem 0x000f0000-0x000fffff]
[    0.000000] e820: [mem 0x40000000-0xfebfffff] available for PCI devices
[    0.000000] Booting paravirtualized kernel on KVM
[    0.000000] clocksource: refined-jiffies: mask: 0xffffffff max_cycles: 0xffffffff, max_idle_ns: 7645519600211568 ns
[    0.000000] random: get_random_bytes called from start_kernel+0x99/0x4fd with crng_init=0
[    0.000000] setup_percpu: NR_CPUS:8192 nr_cpumask_bits:2 nr_cpu_ids:2 nr_node_ids:1
[    0.000000] percpu: Embedded 45 pages/cpu s147456 r8192 d28672 u1048576
[    0.000000] PV qspinlock hash table entries: 256 (order: 0, 4096 bytes)
[    0.000000] Built 1 zonelists, mobility grouping on.  Total pages: 257913
[    0.000000] Policy zone: DMA32
[    0.000000] Kernel command line: BOOT_IMAGE=/boot/vmlinuz-4.15.0-91-generic root=UUID=6969795d-2298-4346-a932-b89115857723 ro console=tty1 console=ttyS0
[    0.000000] Memory: 982524K/1048120K available (12300K kernel code, 2481K rwdata, 4264K rodata, 2432K init, 2712K bss, 65596K reserved, 0K cma-reserved)
[    0.000000] SLUB: HWalign=64, Order=0-3, MinObjects=0, CPUs=2, Nodes=1
[    0.000000] Kernel/User page tables isolation: enabled
[    0.000000] ftrace: allocating 39347 entries in 154 pages
[    0.004000] Hierarchical RCU implementation.
[    0.004000] 	RCU restricting CPUs from NR_CPUS=8192 to nr_cpu_ids=2.
[    0.004000] 	Tasks RCU enabled.
[    0.004000] RCU: Adjusting geometry for rcu_fanout_leaf=16, nr_cpu_ids=2
[    0.004000] NR_IRQS: 524544, nr_irqs: 440, preallocated irqs: 16
[    0.004000] Console: colour VGA+ 80x25
[    0.004000] console [tty1] enabled
[    0.004000] console [ttyS0] enabled
[    0.004000] ACPI: Core revision 20170831
[    0.004000] ACPI: 2 ACPI AML tables successfully acquired and loaded
[    0.004000] APIC: Switch to symmetric I/O mode setup
[    0.004000] x2apic enabled
[    0.004000] Switched APIC routing to physical x2apic.
[    0.004000] ..TIMER: vector=0x30 apic1=0 pin1=2 apic2=-1 pin2=-1
[    0.004004] tsc: Detected 1392.000 MHz processor
[    0.004801] Calibrating delay loop (skipped) preset value.. 2784.00 BogoMIPS (lpj=5568000)
[    0.005733] pid_max: default: 32768 minimum: 301
[    0.008034] Security Framework initialized
[    0.008781] Yama: becoming mindful.
[    0.009444] AppArmor: AppArmor initialized
[    0.010334] Dentry cache hash table entries: 131072 (order: 8, 1048576 bytes)
[    0.011669] Inode-cache hash table entries: 65536 (order: 7, 524288 bytes)
[    0.012009] Mount-cache hash table entries: 2048 (order: 2, 16384 bytes)
[    0.013393] Mountpoint-cache hash table entries: 2048 (order: 2, 16384 bytes)
[    0.016087] Last level iTLB entries: 4KB 64, 2MB 8, 4MB 8
[    0.017015] Last level dTLB entries: 4KB 64, 2MB 0, 4MB 0, 1GB 4
[    0.018034] Spectre V1 : Mitigation: usercopy/swapgs barriers and __user pointer sanitization
[    0.020002] Spectre V2 : Mitigation: Full generic retpoline
[    0.020963] Spectre V2 : Spectre v2 / SpectreRSB mitigation: Filling RSB on context switch
[    0.022441] Speculative Store Bypass: Vulnerable
[    0.023261] MDS: Mitigation: Clear CPU buffers
[    0.024156] Freeing SMP alternatives memory: 36K
[    0.134148] smpboot: CPU0: Intel(R) Core(TM) i5-8257U CPU @ 1.40GHz (family: 0x6, model: 0x8e, stepping: 0xa)
[    0.136000] Performance Events: unsupported p6 CPU model 142 no PMU driver, software events only.
[    0.136028] Hierarchical SRCU implementation.
[    0.137301] NMI watchdog: Perf event create on CPU 0 failed with -2
[    0.138457] NMI watchdog: Perf NMI watchdog permanently disabled
[    0.139479] smp: Bringing up secondary CPUs ...
[    0.140063] x86: Booting SMP configuration:
[    0.140815] .... node  #0, CPUs:      #1
[    0.004000] kvm-clock: cpu 1, msr 0:3ff44041, secondary cpu clock
[    0.144016] smp: Brought up 1 node, 2 CPUs
[    0.144754] smpboot: Max logical packages: 1
[    0.145509] smpboot: Total of 2 processors activated (5568.00 BogoMIPS)
[    0.148078] devtmpfs: initialized
[    0.149078] x86/mm: Memory block size: 128MB
[    0.150211] evm: security.selinux
[    0.150819] evm: security.SMACK64
[    0.151422] evm: security.SMACK64EXEC
[    0.152002] evm: security.SMACK64TRANSMUTE
[    0.152750] evm: security.SMACK64MMAP
[    0.153425] evm: security.apparmor
[    0.154042] evm: security.ima
[    0.154594] evm: security.capability
[    0.155267] clocksource: jiffies: mask: 0xffffffff max_cycles: 0xffffffff, max_idle_ns: 7645041785100000 ns
[    0.156006] futex hash table entries: 512 (order: 3, 32768 bytes)
[    0.158657] pinctrl core: initialized pinctrl subsystem
[    0.160099] RTC time:  8:08:37, date: 03/25/20
[    0.161011] NET: Registered protocol family 16
[    0.161856] audit: initializing netlink subsys (disabled)
[    0.162806] audit: type=2000 audit(1585123722.394:1): state=initialized audit_enabled=0 res=1
[    0.164010] cpuidle: using governor ladder
[    0.164745] cpuidle: using governor menu
[    0.165471] ACPI: bus type PCI registered
[    0.168002] acpiphp: ACPI Hot Plug PCI Controller Driver version: 0.5
[    0.169310] PCI: Using configuration type 1 for base access
[    0.170287] HugeTLB registered 2.00 MiB page size, pre-allocated 0 pages
[    0.172060] ACPI: Added _OSI(Module Device)
[    0.172833] ACPI: Added _OSI(Processor Device)
[    0.173592] ACPI: Added _OSI(3.0 _SCP Extensions)
[    0.174463] ACPI: Added _OSI(Processor Aggregator Device)
[    0.176002] ACPI: Added _OSI(Linux-Dell-Video)
[    0.176763] ACPI: Added _OSI(Linux-Lenovo-NV-HDMI-Audio)
[    0.177710] ACPI: Added _OSI(Linux-HPI-Hybrid-Graphics)
[    0.178943] ACPI: Executed 1 blocks of module-level executable AML code
[    0.182508] ACPI: Interpreter enabled
[    0.183207] ACPI: (supports S0 S5)
[    0.184002] ACPI: Using IOAPIC for interrupt routing
[    0.185042] PCI: Using host bridge windows from ACPI; if necessary, use "pci=nocrs" and report a bug
[    0.187563] ACPI: Enabled 2 GPEs in block 00 to 07
[    0.194109] ACPI: PCI Root Bridge [PCI0] (domain 0000 [bus 00-ff])
[    0.195401] acpi PNP0A03:00: _OSC: OS supports [ASPM ClockPM Segments MSI]
[    0.196368] acpi PNP0A03:00: _OSC: not requesting OS control; OS requires [ExtendedConfig ASPM ClockPM MSI]
[    0.198400] acpi PNP0A03:00: fail to add MMCONFIG information, can't access extended PCI configuration space under this bridge.
[    0.200374] PCI host bridge to bus 0000:00
[    0.201101] pci_bus 0000:00: root bus resource [io  0x0000-0x0cf7 window]
[    0.202241] pci_bus 0000:00: root bus resource [io  0x0d00-0xffff window]
[    0.204002] pci_bus 0000:00: root bus resource [mem 0x000a0000-0x000bffff window]
[    0.205334] pci_bus 0000:00: root bus resource [mem 0x40000000-0xfdffffff window]
[    0.206875] pci_bus 0000:00: root bus resource [bus 00-ff]
[    0.210305] pci 0000:00:01.1: legacy IDE quirk: reg 0x10: [io  0x01f0-0x01f7]
[    0.212002] pci 0000:00:01.1: legacy IDE quirk: reg 0x14: [io  0x03f6]
[    0.213115] pci 0000:00:01.1: legacy IDE quirk: reg 0x18: [io  0x0170-0x0177]
[    0.214307] pci 0000:00:01.1: legacy IDE quirk: reg 0x1c: [io  0x0376]
[    0.228580] pci 0000:00:07.0: quirk: [io  0x4000-0x403f] claimed by PIIX4 ACPI
[    0.230574] pci 0000:00:07.0: quirk: [io  0x4100-0x410f] claimed by PIIX4 SMB
[    0.239672] ACPI: PCI Interrupt Link [LNKA] (IRQs 5 9 10 *11)
[    0.240267] ACPI: PCI Interrupt Link [LNKB] (IRQs 5 9 *10 11)
[    0.241369] ACPI: PCI Interrupt Link [LNKC] (IRQs 5 *9 10 11)
[    0.242496] ACPI: PCI Interrupt Link [LNKD] (IRQs 5 9 10 *11)
[    0.244344] SCSI subsystem initialized
[    0.245092] pci 0000:00:02.0: vgaarb: setting as boot VGA device
[    0.245092] pci 0000:00:02.0: vgaarb: VGA device added: decodes=io+mem,owns=io+mem,locks=none
[    0.248009] pci 0000:00:02.0: vgaarb: bridge control possible
[    0.249059] vgaarb: loaded
[    0.249895] ACPI: bus type USB registered
[    0.250619] usbcore: registered new interface driver usbfs
[    0.252018] usbcore: registered new interface driver hub
[    0.252947] usbcore: registered new device driver usb
[    0.253865] EDAC MC: Ver: 3.0.0
[    0.253865] PCI: Using ACPI for IRQ routing
[    0.256245] NetLabel: Initializing
[    0.256867] NetLabel:  domain hash size = 128
[    0.257643] NetLabel:  protocols = UNLABELED CIPSOv4 CALIPSO
[    0.258618] NetLabel:  unlabeled traffic allowed by default
[    0.259587] clocksource: Switched to clocksource kvm-clock
[    0.268548] VFS: Disk quotas dquot_6.6.0
[    0.269905] VFS: Dquot-cache hash table entries: 512 (order 0, 4096 bytes)
[    0.271552] AppArmor: AppArmor Filesystem Enabled
[    0.272443] pnp: PnP ACPI init
[    0.274163] pnp: PnP ACPI: found 3 devices
[    0.283279] clocksource: acpi_pm: mask: 0xffffff max_cycles: 0xffffff, max_idle_ns: 2085701024 ns
[    0.285388] NET: Registered protocol family 2
[    0.286335] TCP established hash table entries: 8192 (order: 4, 65536 bytes)
[    0.287599] TCP bind hash table entries: 8192 (order: 5, 131072 bytes)
[    0.290134] TCP: Hash tables configured (established 8192 bind 8192)
[    0.291249] UDP hash table entries: 512 (order: 2, 16384 bytes)
[    0.292287] UDP-Lite hash table entries: 512 (order: 2, 16384 bytes)
[    0.293391] NET: Registered protocol family 1
[    0.294160] pci 0000:00:00.0: Limiting direct PCI/PCI transfers
[    0.295193] pci 0000:00:01.0: Activating ISA DMA hang workarounds
[    0.296331] pci 0000:00:02.0: Video device with shadowed ROM at [mem 0x000c0000-0x000dffff]
[    0.297855] Unpacking initramfs...
[    0.551575] Freeing initrd memory: 19744K
[    0.553424] clocksource: tsc: mask: 0xffffffffffffffff max_cycles: 0x14109b0720d, max_idle_ns: 440795259878 ns
[    0.555174] platform rtc_cmos: registered platform RTC device (no PNP device found)
[    0.556557] Scanning for low memory corruption every 60 seconds
[    0.558142] Initialise system trusted keyrings
[    0.559260] Key type blacklist registered
[    0.560078] workingset: timestamp_bits=36 max_order=18 bucket_order=0
[    0.562206] zbud: loaded
[    0.563088] squashfs: version 4.0 (2009/01/31) Phillip Lougher
[    0.564276] fuse init (API version 7.26)
[    0.567743] Key type asymmetric registered
[    0.568656] Asymmetric key parser 'x509' registered
[    0.569772] Block layer SCSI generic (bsg) driver version 0.4 loaded (major 246)
[    0.571112] io scheduler noop registered
[    0.571808] io scheduler deadline registered
[    0.572611] io scheduler cfq registered (default)
[    0.573866] ACPI: AC Adapter [AC] (off-line)
[    0.574668] input: Power Button as /devices/LNXSYSTM:00/LNXPWRBN:00/input/input0
[    0.576004] ACPI: Power Button [PWRF]
[    0.576752] input: Sleep Button as /devices/LNXSYSTM:00/LNXSLPBN:00/input/input1
[    0.578031] ACPI: Sleep Button [SLPF]
[    0.579923] ACPI: Battery Slot [BAT0] (battery present)
[    0.581486] Serial: 8250/16550 driver, 32 ports, IRQ sharing enabled
[    0.604497] 00:02: ttyS0 at I/O 0x3f8 (irq = 4, base_baud = 115200) is a 16550A
[    0.608209] Linux agpgart interface v0.103
[    0.610075] loop: module loaded
[    0.611596] scsi host0: ata_piix
[    0.612403] scsi host1: ata_piix
[    0.613021] ata1: PATA max UDMA/33 cmd 0x1f0 ctl 0x3f6 bmdma 0xd000 irq 14
[    0.614645] ata2: PATA max UDMA/33 cmd 0x170 ctl 0x376 bmdma 0xd008 irq 15
[    0.616261] libphy: Fixed MDIO Bus: probed
[    0.617135] tun: Universal TUN/TAP device driver, 1.6
[    0.618221] PPP generic driver version 2.4.2
[    0.619130] ehci_hcd: USB 2.0 'Enhanced' Host Controller (EHCI) Driver
[    0.620338] ehci-pci: EHCI PCI platform driver
[    0.621267] ehci-platform: EHCI generic platform driver
[    0.622193] ohci_hcd: USB 1.1 'Open' Host Controller (OHCI) Driver
[    0.623248] ohci-pci: OHCI PCI platform driver
[    0.624045] ohci-platform: OHCI generic platform driver
[    0.625019] uhci_hcd: USB Universal Host Controller Interface driver
[    0.626299] i8042: PNP: PS/2 Controller [PNP0303:PS2K,PNP0f03:PS2M] at 0x60,0x64 irq 1,12
[    0.628216] serio: i8042 KBD port at 0x60,0x64 irq 1
[    0.629421] serio: i8042 AUX port at 0x60,0x64 irq 12
[    0.630653] mousedev: PS/2 mouse device common for all mice
[    0.632081] input: AT Translated Set 2 keyboard as /devices/platform/i8042/serio0/input/input2
[    0.634072] rtc_cmos rtc_cmos: rtc core: registered rtc_cmos as rtc0
[    0.635368] rtc_cmos rtc_cmos: alarms up to one day, 114 bytes nvram
[    0.637127] i2c /dev entries driver
[    0.637866] device-mapper: uevent: version 1.0.3
[    0.638783] device-mapper: ioctl: 4.37.0-ioctl (2017-09-20) initialised: dm-devel@redhat.com
[    0.640304] ledtrig-cpu: registered to indicate activity on CPUs
[    0.641705] NET: Registered protocol family 10
[    0.646404] Segment Routing with IPv6
[    0.647116] NET: Registered protocol family 17
[    0.648126] Key type dns_resolver registered
[    0.649180] mce: Using 0 MCE banks
[    0.649987] RAS: Correctable Errors collector initialized.
[    0.651150] sched_clock: Marking stable (649084346, 0)->(809162948, -160078602)
[    0.653025] registered taskstats version 1
[    0.653792] Loading compiled-in X.509 certificates
[    0.656765] Loaded X.509 cert 'Build time autogenerated kernel key: d019e8c5f4cbc828f6af43369f65a014a3a68371'
[    0.658501] zswap: loaded using pool lzo/zbud
[    0.662640] Key type big_key registered
[    0.663406] Key type trusted registered
[    0.665877] Key type encrypted registered
[    0.666623] AppArmor: AppArmor sha1 policy hashing enabled
[    0.667604] ima: No TPM chip found, activating TPM-bypass! (rc=-19)
[    0.668877] ima: Allocated hash algorithm: sha1
[    0.669736] evm: HMAC attrs: 0x1
[    0.670663]   Magic number: 12:770:119
[    0.671482] rtc_cmos rtc_cmos: setting system clock to 2020-03-25 08:08:37 UTC (1585123717)
[    0.673184] BIOS EDD facility v0.16 2004-Jun-25, 0 devices found
[    0.674284] EDD information not available.
[    0.780525] Freeing unused kernel image memory: 2432K
[    0.792445] Write protecting the kernel read-only data: 20480k
[    0.797840] Freeing unused kernel image memory: 2008K
[    0.800371] Freeing unused kernel image memory: 1880K
[    0.811284] x86/mm: Checked W+X mappings: passed, no W+X pages found.
[    0.813285] x86/mm: Checking user space page tables
[    0.821529] x86/mm: Checked W+X mappings: passed, no W+X pages found.
Loading, please wait...
starting version 237
[    0.878788] e1000: Intel(R) PRO/1000 Network Driver - version 7.3.21-k8-NAPI
[    0.880928] e1000: Copyright (c) 1999-2006 Intel Corporation.
[    0.883645] Fusion MPT base driver 3.04.20
[    0.884439] Copyright (c) 1999-2008 LSI Corporation
[    0.893787] AVX2 version of gcm_enc/dec engaged.
[    0.895113] AES CTR mode by8 optimization enabled
[    0.900888] Fusion MPT SPI Host driver 3.04.20
[    1.105074] input: ImExPS/2 Generic Explorer Mouse as /devices/platform/i8042/serio1/input/input4
[    1.293666] e1000 0000:00:03.0 eth0: (PCI:33MHz:32-bit) 02:22:e7:1f:39:14
[    1.295811] e1000 0000:00:03.0 eth0: Intel(R) PRO/1000 Network Connection
[    1.298489] mptbase: ioc0: Initiating bringup
[    1.392457] ioc0: LSI53C1030 A0: Capabilities={Initiator}
[    1.639254] scsi host2: ioc0: LSI53C1030 A0, FwRev=00000000h, Ports=1, MaxQ=256, IRQ=20
[    1.809060] scsi 2:0:0:0: Direct-Access     VBOX     HARDDISK         1.0  PQ: 0 ANSI: 5
[    1.836287] scsi target2:0:0: Beginning Domain Validation
[    1.840354] scsi target2:0:0: Domain Validation skipping write tests
[    1.841913] scsi target2:0:0: Ending Domain Validation
[    1.843332] scsi target2:0:0: asynchronous
[    1.844694] scsi 2:0:1:0: Direct-Access     VBOX     HARDDISK         1.0  PQ: 0 ANSI: 5
[    1.884333] scsi target2:0:1: Beginning Domain Validation
[    1.912811] random: fast init done
[    1.913560] scsi target2:0:1: Domain Validation skipping write tests
[    1.914677] scsi target2:0:1: Ending Domain Validation
[    1.915616] scsi target2:0:1: asynchronous
[    1.919624] random: systemd-udevd: uninitialized urandom read (16 bytes read)
[    1.920938] random: systemd-udevd: uninitialized urandom read (16 bytes read)
[    1.922194] random: systemd-udevd: uninitialized urandom read (16 bytes read)
[    1.923703] sd 2:0:0:0: [sda] 20971520 512-byte logical blocks: (10.7 GB/10.0 GiB)
[    1.925179] sd 2:0:0:0: [sda] Write Protect is off
[    1.926148] sd 2:0:0:0: [sda] Incomplete mode parameter data
[    1.927168] sd 2:0:0:0: [sda] Assuming drive cache: write through
[    1.928316] sd 2:0:0:0: Attached scsi generic sg0 type 0
[    1.932279] sd 2:0:1:0: [sdb] 20480 512-byte logical blocks: (10.5 MB/10.0 MiB)
[    1.933646] sd 2:0:1:0: [sdb] Write Protect is off
[    1.934628] sd 2:0:1:0: [sdb] Incomplete mode parameter data
[    1.935680] sd 2:0:1:0: [sdb] Assuming drive cache: write through
[    1.936872] sd 2:0:1:0: Attached scsi generic sg1 type 0
[    1.938759]  sda: sda1
[    1.942020] sd 2:0:0:0: [sda] Attached SCSI disk
[    1.943503] sd 2:0:1:0: [sdb] Attached SCSI disk
[    2.205460] e1000 0000:00:08.0 eth1: (PCI:33MHz:32-bit) 08:00:27:4a:8e:1b
[    2.207113] e1000 0000:00:08.0 eth1: Intel(R) PRO/1000 Network Connection
[    2.209276] e1000 0000:00:03.0 enp0s3: renamed from eth0
[    2.225019] e1000 0000:00:08.0 enp0s8: renamed from eth1
Begin: Loading essential drivers ... [    3.613076] raid6: sse2x1   gen() 13273 MB/s
[    3.660327] raid6: sse2x1   xor()  9532 MB/s
[    3.708482] raid6: sse2x2   gen() 15966 MB/s
[    3.760926] raid6: sse2x2   xor() 11855 MB/s
[    3.808422] raid6: sse2x4   gen() 18258 MB/s
[    3.856561] raid6: sse2x4   xor() 11148 MB/s
[    3.904338] raid6: avx2x1   gen() 24333 MB/s
[    3.953553] raid6: avx2x1   xor() 18139 MB/s
[    4.000314] raid6: avx2x2   gen() 30006 MB/s
[    4.048613] raid6: avx2x2   xor() 19754 MB/s
[    4.096278] raid6: avx2x4   gen() 35570 MB/s
[    4.148580] raid6: avx2x4   xor() 24485 MB/s
[    4.150070] raid6: using algorithm avx2x4 gen() 35570 MB/s
[    4.151179] raid6: .... xor() 24485 MB/s, rmw enabled
[    4.152214] raid6: using avx2x2 recovery algorithm
[    4.154176] xor: automatically using best checksumming function   avx       
[    4.156761] async_tx: api initialized (async)
done.
Begin: Running /scripts/init-premount ... done.
Begin: Mounting root file system ... Begin: Running /scripts/local-top ... done.
Begin: Running /scripts/local-premount ... [    4.194491] Btrfs loaded, crc32c=crc32c-intel
Scanning for Btrfs filesystems
done.
Warning: fsck not present, so skipping root file system
[    4.217313] EXT4-fs (sda1): mounted filesystem with ordered data mode. Opts: (null)
done.
Begin: Running /scripts/local-bottom ... done.
Begin: Running /scripts/init-bottom ... done.
[    4.412383] ip_tables: (C) 2000-2006 Netfilter Core Team
[    4.422250] systemd[1]: systemd 237 running in system mode. (+PAM +AUDIT +SELINUX +IMA +APPARMOR +SMACK +SYSVINIT +UTMP +LIBCRYPTSETUP +GCRYPT +GNUTLS +ACL +XZ +LZ4 +SECCOMP +BLKID +ELFUTILS +KMOD -IDN2 +IDN -PCRE2 default-hierarchy=hybrid)
[    4.425921] systemd[1]: Detected virtualization oracle.
[    4.426831] systemd[1]: Detected architecture x86-64.

Welcome to [1mUbuntu 18.04.3 LTS[0m!

[    4.431656] systemd[1]: Set hostname to <ubuntu-bionic>.
[    4.723477] systemd[1]: Created slice User and Session Slice.
[[0;32m  OK  [0m] Created slice User and Session Slice.
[    4.725342] systemd[1]: Started Forward Password Requests to Wall Directory Watch.
[[0;32m  OK  [0m] Started Forward Password Requests to Wall Directory Watch.
[    4.727779] systemd[1]: Reached target Swap.
[[0;32m  OK  [0m] Reached target Swap.
[    4.729080] systemd[1]: Reached target User and Group Name Lookups.
[[0;32m  OK  [0m] Reached target User and Group Name Lookups.
[    4.731211] systemd[1]: Created slice System Slice.
[[0;32m  OK  [0m] Created slice System Slice.
[    4.732760] systemd[1]: Listening on /dev/initctl Compatibility Named Pipe.
[[0;32m  OK  [0m] Listening on /dev/initctl Compatibility Named Pipe.
[[0;32m  OK  [0m] Listening on Network Service Netlink Socket.
[[0;32m  OK  [0m] Listening on udev Kernel Socket.
[[0;32m  OK  [0m] Listening on Syslog Socket.
[[0;32m  OK  [0m] Listening on Device-mapper event daemon FIFOs.
[[0;32m  OK  [0m] Listening on LVM2 poll daemon socket.
[[0;32m  OK  [0m] Listening on Journal Socket.
         Starting Remount Root and Kernel File Systems...
[[0;32m  OK  [0m] Listening on Journal Audit Socket.
[[0;32m  OK  [0m] Listening on LVM2 metadata daemon socket.
         Starting Monitoring of LVM2 mirrors…ng dmeventd or progress polling...
[[0;32m  OK  [0m] Listening on Journal Socket (/dev/log).
         Mounting POSIX Message Queue File System...
         Mounting Kernel Debug File System...
         Starting Journal Service...
         Starting Uncomplicated firewall...
         Starting Create list of required st…ce nodes for the current kernel...
[[0;32m  OK  [0m] Reached target Slices.
         Starting Set the console keyboard layout...
         Mounting Huge Pages File System...
         Starting Load Kernel Modules...
[[0;32m  OK  [0m] Listening on udev Control Socket.
         Starting udev Coldplug all Devices...
[    4.800861] EXT4-fs (sda1): re-mounted. Opts: (null)
[[0;32m  OK  [0m] Reached target System Time Synchronized.
[[0;32m  OK  [0m] Created slice system-serial\x2dgetty.slice.
[[0;32m  OK  [0m] Set up automount Arbitrary Executab…rmats File System Automount Point.
[    4.860554] Loading iSCSI transport class v2.0-870.
[[0;32m  OK  [0m] Started Journal Service.
[[0;32m  OK  [0m] Started Remount Root and Kernel File Systems.
[[0;32m  OK  [0m] Mounted POSIX Message Queue File System.
[[0;32m  OK  [0m] Mounted Kernel Debug File System.
[[0;32m  OK  [0m] Started Uncomplicated firewall.
[[0;32m  OK  [0m] Started Create list of required sta…vice nodes for the current kernel.
[[0;32m  OK  [0m] Mounted Huge Pages File System.
[    4.879341] iscsi: registered transport (tcp)
[[0;32m  OK  [0m] Started LVM2 metadata daemon.
         Starting Create Static Device Nodes in /dev...
[    4.931487] iscsi: registered transport (iser)
         Starting Load/Save Random Seed...
         Starting Flush Journal to Persistent Storage...
[[0;32m  OK  [0m] Started Monitoring of LVM2 mirrors,…sing dmeventd or progress polling.
[[0;32m  OK  [0m] Started Load Kernel Modules.
[[0;32m  OK  [0m] Started udev Coldplug all Devices.
[[0;32m  OK  [0m] Started Create Static Device Nodes in /dev.
[[0;32m  OK  [0m] Started Load/Save Random Seed.
         Starting udev Kernel Device Manager...
         Starting Apply Kernel Variables...
         Mounting FUSE Control File System...
         Mounting Kernel Configuration File System...
[[0;32m  OK  [0m] Mounted FUSE Control File System.
[[0;32m  OK  [0m] Mounted Kernel Configuration File System.
[    4.999559] systemd-journald[394]: Received request to flush runtime journal from PID 1
[[0;32m  OK  [0m] Started Set the console keyboard layout.
[[0;32m  OK  [0m] Reached target Local File Systems (Pre).
[[0;32m  OK  [0m] Reached target Local File Systems.
         Starting Set console font and keymap...
         Starting Tell Plymouth To Write Out Runtime Data...
         Starting AppArmor initialization...
         Starting ebtables ruleset management...
[[0;32m  OK  [0m] Started udev Kernel Device Manager.
[[0;32m  OK  [0m] Started Dispatch Password Requests to Console Directory Watch.
[[0;32m  OK  [0m] Reached target Local Encrypted Volumes.
[[0;32m  OK  [0m] Started Apply Kernel Variables.
[[0;32m  OK  [0m] Started Set console font and keymap.
[[0;32m  OK  [0m] Started Tell Plymouth To Write Out Runtime Data.
[[0;32m  OK  [0m] Found device /dev/ttyS0.
[[0;32m  OK  [0m] Started ebtables ruleset management.
[[0;32m  OK  [0m] Started Flush Journal to Persistent Storage.
         Starting Create Volatile Files and Directories...
[[0;32m  OK  [0m] Started Create Volatile Files and Directories.
         Starting Update UTMP about System Boot/Shutdown...
[[0;32m  OK  [0m] Listening on Load/Save RF Kill Switch Status /dev/rfkill Watch.
[[0;32m  OK  [0m] Started Update UTMP about System Boot/Shutdown.
[[0;32m  OK  [0m] Started AppArmor initialization.
         Starting Initial cloud-init job (pre-networking)...
[    6.637547] cloud-init[574]: Cloud-init v. 19.3-41-gc4735dd3-0ubuntu1~18.04.1 running 'init-local' at Wed, 25 Mar 2020 08:08:43 +0000. Up 6.41 seconds.
[[0;32m  OK  [0m] Started Initial cloud-init job (pre-networking).
[[0;32m  OK  [0m] Reached target Network (Pre).
         Starting Network Service...
[[0;32m  OK  [0m] Started Network Service.
         Starting Network Name Resolution...
         Starting Wait for Network to be Configured...
[[0;32m  OK  [0m] Started Network Name Resolution.
[[0;32m  OK  [0m] Reached target Host and Network Name Lookups.
[[0;32m  OK  [0m] Reached target Network.
[[0;32m  OK  [0m] Started Wait for Network to be Configured.
         Starting Initial cloud-init job (metadata service crawler)...
[    9.299043] cloud-init[700]: Cloud-init v. 19.3-41-gc4735dd3-0ubuntu1~18.04.1 running 'init' at Wed, 25 Mar 2020 08:08:46 +0000. Up 9.18 seconds.
[    9.327210] cloud-init[700]: ci-info: ++++++++++++++++++++++++++++++++++++++Net device info+++++++++++++++++++++++++++++++++++++++
[    9.329182] cloud-init[700]: ci-info: +--------+------+-----------------------------+---------------+--------+-------------------+
[    9.331312] cloud-init[700]: ci-info: | Device |  Up  |           Address           |      Mask     | Scope  |     Hw-Address    |
[    9.333280] cloud-init[700]: ci-info: +--------+------+-----------------------------+---------------+--------+-------------------+
[    9.335028] cloud-init[700]: ci-info: | enp0s3 | True |          10.0.2.15          | 255.255.255.0 | global | 02:22:e7:1f:39:14 |
[    9.336570] cloud-init[700]: ci-info: | enp0s3 | True |  fe80::22:e7ff:fe1f:3914/64 |       .       |  link  | 02:22:e7:1f:39:14 |
[    9.338739] cloud-init[700]: ci-info: | enp0s8 | True |        192.168.33.10        | 255.255.255.0 | global | 08:00:27:4a:8e:1b |
[    9.352966] cloud-init[700]: ci-info: | enp0s8 | True | fe80::a00:27ff:fe4a:8e1b/64 |       .       |  link  | 08:00:27:4a:8e:1b |
[    9.355076] cloud-init[700]: ci-info: |   lo   | True |          127.0.0.1          |   255.0.0.0   |  host  |         .         |
[    9.368289] cloud-init[700]: ci-info: |   lo   | True |           ::1/128           |       .       |  host  |         .         |
[    9.370020] cloud-init[700]: ci-info: +--------+------+-----------------------------+---------------+--------+-------------------+
[    9.371817] cloud-init[700]: ci-info: +++++++++++++++++++++++++++++Route IPv4 info+++++++++++++++++++++++++++++
[    9.373491] cloud-init[700]: ci-info: +-------+--------------+----------+-----------------+-----------+-------+
[    9.375036] cloud-init[700]: ci-info: | Route | Destination  | Gateway  |     Genmask     | Interface | Flags |
[    9.376494] cloud-init[700]: ci-info: +-------+--------------+----------+-----------------+-----------+-------+
[    9.377975] cloud-init[700]: ci-info: |   0   |   0.0.0.0    | 10.0.2.2 |     0.0.0.0     |   enp0s3  |   UG  |
[    9.379392] cloud-init[700]: ci-info: |   1   |   10.0.2.0   | 0.0.0.0  |  255.255.255.0  |   enp0s3  |   U   |
[    9.380907] cloud-init[700]: ci-info: |   2   |   10.0.2.2   | 0.0.0.0  | 255.255.255.255 |   enp0s3  |   UH  |
[    9.382319] cloud-init[700]: ci-info: |   3   | 192.168.33.0 | 0.0.0.0  |  255.255.255.0  |   enp0s8  |   U   |
[    9.383727] cloud-init[700]: ci-info: +-------+--------------+----------+-----------------+-----------+-------+
[    9.385154] cloud-init[700]: ci-info: +++++++++++++++++++Route IPv6 info+++++++++++++++++++
[    9.386366] cloud-init[700]: ci-info: +-------+-------------+---------+-----------+-------+
[    9.387560] cloud-init[700]: ci-info: | Route | Destination | Gateway | Interface | Flags |
[    9.388787] cloud-init[700]: ci-info: +-------+-------------+---------+-----------+-------+
[    9.389995] cloud-init[700]: ci-info: |   1   |  fe80::/64  |    ::   |   enp0s8  |   U   |
[    9.391355] cloud-init[700]: ci-info: |   2   |  fe80::/64  |    ::   |   enp0s3  |   U   |
[    9.392564] cloud-init[700]: ci-info: |   4   |    local    |    ::   |   enp0s3  |   U   |
[    9.404506] cloud-init[700]: ci-info: |   5   |    local    |    ::   |   enp0s8  |   U   |
[    9.416231] cloud-init[700]: ci-info: |   6   |   ff00::/8  |    ::   |   enp0s8  |   U   |
[    9.417477] cloud-init[700]: ci-info: |   7   |   ff00::/8  |    ::   |   enp0s3  |   U   |
[    9.418675] cloud-init[700]: ci-info: +-------+-------------+---------+-----------+-------+
[[0;32m  OK  [0m] Started Initial cloud-init job (metadata service crawler).
[[0;32m  OK  [0m] Reached target System Initialization.
[[0;32m  OK  [0m] Started Daily Cleanup of Temporary Directories.
[[0;32m  OK  [0m] Started Message of the Day.
[[0;32m  OK  [0m] Listening on ACPID Listen Socket.
[[0;32m  OK  [0m] Started ACPI Events Check.
[[0;32m  OK  [0m] Listening on UUID daemon activation socket.
[[0;32m  OK  [0m] Started Daily apt download activities.
[[0;32m  OK  [0m] Listening on Open-iSCSI iscsid Socket.
[[0;32m  OK  [0m] Started Discard unused blocks once a week.
[[0;32m  OK  [0m] Reached target Paths.
         Starting Socket activation for snappy daemon.
         Starting LXD - unix socket.
[[0;32m  OK  [0m] Started Daily apt upgrade and clean activities.
[[0;32m  OK  [0m] Reached target Timers.
[[0;32m  OK  [0m] Listening on D-Bus System Message Bus Socket.
[[0;32m  OK  [0m] Reached target Network is Online.
         Starting Availability of block devices...
[[0;32m  OK  [0m] Reached target Remote File Systems (Pre).
[[0;32m  OK  [0m] Reached target Remote File Systems.
[[0;32m  OK  [0m] Reached target Cloud-config availability.
[[0;32m  OK  [0m] Listening on Socket activation for snappy daemon.
[[0;32m  OK  [0m] Listening on LXD - unix socket.
[[0;32m  OK  [0m] Started Availability of block devices.
[[0;32m  OK  [0m] Reached target Sockets.
[[0;32m  OK  [0m] Reached target Basic System.
         Starting System Logging Service...
         Starting LXD - container startup/shutdown...
[[0;32m  OK  [0m] Started Regular background program processing daemon.
         Starting LSB: Record successful boot for GRUB...
         Starting Accounts Service...
         Starting Permit User Sessions...
[[0;32m  OK  [0m] Started FUSE filesystem for LXC.
         Starting Snappy daemon...
         Starting LSB: automatic crash report generation...
[[0;32m  OK  [0m] Started Deferred execution scheduler.
         Starting Login Service...
         Starting OpenBSD Secure Shell server...
         Starting vboxadd.service...
         Starting Dispatcher daemon for systemd-networkd...
[[0;32m  OK  [0m] Started D-Bus System Message Bus.
[[0;32m  OK  [0m] Started Login Service.
[[0;32m  OK  [0m] Started Unattended Upgrades Shutdown.
[[0;32m  OK  [0m] Started irqbalance daemon.
[[0;32m  OK  [0m] Started System Logging Service.
[[0;32m  OK  [0m] Started LXD - container startup/shutdown.
[[0;32m  OK  [0m] Started Permit User Sessions.
[[0;32m  OK  [0m] Started OpenBSD Secure Shell server.
         Starting Terminate Plymouth Boot Screen...
         Starting Hold until boot process finishes up...
[[0;32m  OK  [0m] Started Hold until boot process finishes up.
[[0;32m  OK  [0m] Started Serial Getty on ttyS0.
         Starting Set console scheme...
[[0;32m  OK  [0m] Started Terminate Plymouth Boot Screen.
[[0;32m  OK  [0m] Started Set console scheme.
[[0;32m  OK  [0m] Created slice system-getty.slice.
[[0;32m  OK  [0m] Started Getty on tty1.
[[0;32m  OK  [0m] Reached target Login Prompts.
         Starting Authorization Manager...
[[0;32m  OK  [0m] Started Authorization Manager.
[[0;32m  OK  [0m] Started LSB: automatic crash report generation.
[[0;32m  OK  [0m] Started Accounts Service.
[[0;32m  OK  [0m] Started LSB: Record successful boot for GRUB.
[[0;32m  OK  [0m] Started Dispatcher daemon for systemd-networkd.
[[0;32m  OK  [0m] Started Snappy daemon.
         Starting Wait until snapd is fully seeded...
[[0;32m  OK  [0m] Started Wait until snapd is fully seeded.
         Starting Apply the settings specified in cloud-config...
[   11.301636] cloud-init[1121]: Cloud-init v. 19.3-41-gc4735dd3-0ubuntu1~18.04.1 running 'modules:config' at Wed, 25 Mar 2020 08:08:48 +0000. Up 11.22 seconds.
[[0;32m  OK  [0m] Started vboxadd.service.
         Starting vboxadd-service.service...
[[0;32m  OK  [0m] Started Apply the settings specified in cloud-config.
[[0;32m  OK  [0m] Started vboxadd-service.service.
[[0;32m  OK  [0m] Reached target Multi-User System.
         Starting Execute cloud user/final scripts...
[[0;32m  OK  [0m] Reached target Graphical Interface.
         Starting Update UTMP about System Runlevel Changes...
[[0;32m  OK  [0m] Started Update UTMP about System Runlevel Changes.
[   11.778403] cloud-init[1245]: Cloud-init v. 19.3-41-gc4735dd3-0ubuntu1~18.04.1 running 'modules:final' at Wed, 25 Mar 2020 08:08:48 +0000. Up 11.68 seconds.
[   11.781591] cloud-init[1245]: Cloud-init v. 19.3-41-gc4735dd3-0ubuntu1~18.04.1 finished at Wed, 25 Mar 2020 08:08:48 +0000. Datasource DataSourceNoCloud [seed=/dev/sdb][dsmode=net].  Up 11.77 seconds
[[0;32m  OK  [0m] Started Execute cloud user/final scripts.
[[0;32m  OK  [0m] Reached target Cloud-init target.

Ubuntu 18.04.3 LTS ubuntu-bionic ttyS0

ubuntu-bionic login: [[0;32m  OK  [0m] Closed Load/Save RF Kill Switch Status /dev/rfkill Watch.
[[0;32m  OK  [0m] Stopped target Host and Network Name Lookups.
         Stopping Authorization Manager...
         Stopping User Manager for UID 1000...
[[0;32m  OK  [0m] Stopped target Graphical Interface.
         Stopping Accounts Service...
[[0;32m  OK  [0m] Stopped target Cloud-init target.
[[0;32m  OK  [0m] Stopped Execute cloud user/final scripts.
[[0;32m  OK  [0m] Stopped target Multi-User System.
         Stopping LXD - container startup/shutdown...
         Stopping Dispatcher daemon for systemd-networkd...
         Stopping LSB: automatic crash report generation...
         Stopping Availability of block devices...
         Stopping Unattended Upgrades Shutdown...
         Stopping Deferred execution scheduler...
         Stopping vboxadd-service.service...
[[0;32m  OK  [0m] Stopped target Timers.
[[0;32m  OK  [0m] Stopped Daily Cleanup of Temporary Directories.
[[0;32m  OK  [0m] Stopped Daily apt upgrade and clean activities.
[[0;32m  OK  [0m] Stopped Daily apt download activities.
[[0;32m  OK  [0m] Stopped Message of the Day.
[[0;32m  OK  [0m] Stopped Discard unused blocks once a week.
         Stopping Regular background program processing daemon...
         Stopping OpenBSD Secure Shell server...
[[0;32m  OK  [0m] Stopped Apply the settings specified in cloud-config.
[[0;32m  OK  [0m] Stopped Wait until snapd is fully seeded.
[[0;32m  OK  [0m] Stopped target Cloud-config availability.
[[0;32m  OK  [0m] Stopped target Network is Online.
[[0;32m  OK  [0m] Stopped target System Time Synchronized.
         Stopping irqbalance daemon...
[[0;32m  OK  [0m] Stopped target Login Prompts.
         Stopping Getty on tty1...
         Stopping Serial Getty on ttyS0...
         Stopping Session 11 of user vagrant.
         Stopping System Logging Service...
         Stopping D-Bus System Message Bus...
         Stopping FUSE filesystem for LXC...
         Stopping LSB: Record successful boot for GRUB...
[[0;32m  OK  [0m] Unmounted /var/lib/lxcfs.
[[0;32m  OK  [0m] Stopped System Logging Service.
[[0;32m  OK  [0m] Stopped Regular background program processing daemon.
[[0;32m  OK  [0m] Stopped Accounts Service.
[[0;32m  OK  [0m] Stopped Deferred execution scheduler.
[[0;32m  OK  [0m] Stopped Dispatcher daemon for systemd-networkd.
[[0;32m  OK  [0m] Stopped Unattended Upgrades Shutdown.
[[0;32m  OK  [0m] Stopped irqbalance daemon.
[[0;32m  OK  [0m] Stopped OpenBSD Secure Shell server.
[[0;32m  OK  [0m] Stopped Serial Getty on ttyS0.
[[0;32m  OK  [0m] Stopped Getty on tty1.
[[0;32m  OK  [0m] Stopped Authorization Manager.
[[0;32m  OK  [0m] Stopped User Manager for UID 1000.
[[0;32m  OK  [0m] Stopped Availability of block devices.
[[0;32m  OK  [0m] Stopped vboxadd-service.service.
[[0;32m  OK  [0m] Stopped D-Bus System Message Bus.
[[0;32m  OK  [0m] Stopped FUSE filesystem for LXC.
[[0;32m  OK  [0m] Stopped Session 11 of user vagrant.
         Stopping vboxadd.service...
[[0;32m  OK  [0m] Removed slice User Slice of vagrant.
[[0;32m  OK  [0m] Removed slice system-getty.slice.
         Stopping Permit User Sessions...
[[0;32m  OK  [0m] Removed slice system-serial\x2dgetty.slice.
         Stopping Login Service...
[[0;32m  OK  [0m] Stopped LXD - container startup/shutdown.
[[0;32m  OK  [0m] Unmounted /vagrant.
[[0;32m  OK  [0m] Stopped LSB: automatic crash report generation.
[[0;32m  OK  [0m] Stopped Permit User Sessions.
[[0;32m  OK  [0m] Stopped target Network.
         Stopping Network Name Resolution...
[[0;32m  OK  [0m] Stopped target Remote File Systems.
[[0;32m  OK  [0m] Stopped target Remote File Systems (Pre).
[[0;32m  OK  [0m] Stopped vboxadd.service.
[[0;32m  OK  [0m] Stopped LSB: Record successful boot for GRUB.
[[0;32m  OK  [0m] Stopped Network Name Resolution.
[[0;32m  OK  [0m] Stopped Login Service.
[[0;32m  OK  [0m] Stopped target Basic System.
[[0;32m  OK  [0m] Stopped target Slices.
[[0;32m  OK  [0m] Stopped target Sockets.
[[0;32m  OK  [0m] Closed Open-iSCSI iscsid Socket.
[[0;32m  OK  [0m] Closed LXD - unix socket.
[[0;32m  OK  [0m] Closed Syslog Socket.
[[0;32m  OK  [0m] Closed Socket activation for snappy daemon.
[[0;32m  OK  [0m] Closed ACPID Listen Socket.
[[0;32m  OK  [0m] Closed UUID daemon activation socket.
[[0;32m  OK  [0m] Stopped target Paths.
[[0;32m  OK  [0m] Stopped ACPI Events Check.
[[0;32m  OK  [0m] Closed D-Bus System Message Bus Socket.
[[0;32m  OK  [0m] Stopped target User and Group Name Lookups.
[[0;32m  OK  [0m] Stopped target System Initialization.
         Stopping Update UTMP about System Boot/Shutdown...
[[0;32m  OK  [0m] Stopped Initial cloud-init job (metadata service crawler).
[[0;32m  OK  [0m] Stopped target Local Encrypted Volumes.
[[0;32m  OK  [0m] Stopped Dispatch Password Requests to Console Directory Watch.
[[0;32m  OK  [0m] Stopped Forward Password Requests to Wall Directory Watch.
         Stopping Load/Save Random Seed...
[[0;32m  OK  [0m] Removed slice User and Session Slice.
         Stopping Network Service...
[[0;32m  OK  [0m] Stopped Load/Save Random Seed.
[[0;32m  OK  [0m] Stopped Update UTMP about System Boot/Shutdown.
[[0;32m  OK  [0m] Stopped Create Volatile Files and Directories.
[[0;32m  OK  [0m] Stopped target Local File Systems.
         Unmounting /run/user/1000...
[[0;32m  OK  [0m] Stopped Network Service.
[[0;32m  OK  [0m] Stopped target Network (Pre).
[[0;32m  OK  [0m] Stopped Initial cloud-init job (pre-networking).
[[0;32m  OK  [0m] Stopped Apply Kernel Variables.
[[0;32m  OK  [0m] Stopped Load Kernel Modules.
[[0;32m  OK  [0m] Unmounted /run/user/1000.
[[0;32m  OK  [0m] Reached target Unmount All Filesystems.
[[0;32m  OK  [0m] Stopped target Swap.
[[0;32m  OK  [0m] Stopped target Local File Systems (Pre).
[[0;32m  OK  [0m] Stopped Remount Root and Kernel File Systems.
[[0;32m  OK  [0m] Stopped Create Static Device Nodes in /dev.
[[0;32m  OK  [0m] Reached target Shutdown.
[[0;32m  OK  [0m] Reached target Final Step.
         Starting Power-Off...
         Stopping Monitoring of LVM2 mirrors…ng dmeventd or progress polling...
[[0;32m  OK  [0m] Stopped Monitoring of LVM2 mirrors,…sing dmeventd or progress polling.
         Stopping LVM2 metadata daemon...
[[0;32m  OK  [0m] Stopped LVM2 metadata daemon.
[18696.207481] reboot: Power down
